<?xml version="1.0" encoding="UTF-8"?>
<!-- Generated by org.testng.reporters.JUnitReportReporter -->
<testsuite hostname="Atulkumar" failures="0" tests="1" name="Test.IMDBTest" time="23.164" errors="0" timestamp="2022-09-28T16:03:55 IST" skipped="0">
  <testcase classname="Test.IMDBTest" name="movie" time="23.164"/>
  <system-out/>
</testsuite> <!-- Test.IMDBTest -->
