<?xml version="1.0" encoding="UTF-8"?>
<!-- Generated by org.testng.reporters.JUnitReportReporter -->
<testsuite hostname="Atulkumar" failures="0" tests="1" name="Test.WikiTest" time="14.998" errors="0" timestamp="2022-09-28T16:03:12 IST" skipped="0">
  <testcase classname="Test.WikiTest" name="movie" time="14.998"/>
  <system-out/>
</testsuite> <!-- Test.WikiTest -->
